
> site@0.1.0 build
> next build

▲ Next.js 16.2.9 (Turbopack)

  Creating an optimized production build ...
✓ Compiled successfully in 4.8s
  Running TypeScript ...
  Finished TypeScript in 4.8s ...
  Collecting page data using 7 workers ...
⚠ Using edge runtime on a page currently disables static generation for that page
  Generating static pages using 7 workers (0/28) ...
  Generating static pages using 7 workers (7/28) 
  Generating static pages using 7 workers (14/28) 
  Generating static pages using 7 workers (21/28) 
✓ Generating static pages using 7 workers (28/28) in 781ms
  Finalizing page optimization ...

Route (app)
┌ ○ /
├ ○ /_not-found
├ ○ /about
├ ○ /contact
├ ○ /free-orm-scan
├ ● /industries/[slug]
│ ├ /industries/healthcare
│ ├ /industries/legal
│ ├ /industries/athletes
│ └ [+3 more paths]
├ ƒ /og
├ ○ /privacy-policy
├ ○ /request-a-quote
├ ○ /resources
├ ● /resources/[slug]
│ ├ /resources/how-to-remove-negative-google-search-results
│ ├ /resources/online-reputation-management-for-doctors
│ └ /resources/what-is-online-reputation-management
├ ○ /robots.txt
├ ○ /services
├ ● /services/[slug]
│ ├ /services/online-reputation-management
│ ├ /services/content-suppression
│ ├ /services/review-management
│ └ [+2 more paths]
├ ○ /sitemap.xml
├ ○ /terms-of-service
└ ○ /who-we-serve


○  (Static)   prerendered as static content
●  (SSG)      prerendered as static HTML (uses generateStaticParams)
ƒ  (Dynamic)  server-rendered on demand

